2017-01-09 17:32:11,840 : Found 1753 files!
2017-01-09 17:32:12,226 : Found 11048 files!
2017-01-09 17:32:12,227 : Filtering anatomical files...
2017-01-09 17:32:12,227 : Only including sites: ['Anonymized']
2017-01-09 17:32:12,246 : Filtered down to 1261 files
2017-01-09 17:32:12,246 : Only including sites: ['Anonymized']
2017-01-09 17:32:12,369 : Filtered down to 7666 files
2017-01-09 17:32:12,415 : Unable to find anatomical image for sub-A00033747_Anonymized_ses-NFB2R. Skipping...
2017-01-09 17:32:12,420 : Unable to find anatomical image for sub-A00028352_Anonymized_ses-NFB2R. Skipping...
2017-01-09 17:32:12,425 : Unable to find anatomical image for sub-A00037866_Anonymized_ses-DS2. Skipping...
2017-01-09 17:32:12,426 : Unable to find anatomical image for sub-A00041049_Anonymized_ses-DS2. Skipping...
2017-01-09 17:32:12,430 : Unable to find anatomical image for sub-A00037866_Anonymized_ses-DS2. Skipping...
2017-01-09 17:32:12,430 : Unable to find anatomical image for sub-A00053203_Anonymized_ses-CLG2R. Skipping...
2017-01-09 17:32:12,431 : Unable to find anatomical image for sub-A00051603_Anonymized_ses-DS2. Skipping...
2017-01-09 17:32:12,434 : Unable to find anatomical image for sub-A00037866_Anonymized_ses-DS2. Skipping...
2017-01-09 17:32:12,437 : Unable to find anatomical image for sub-A00059326_Anonymized_ses-CLG2R. Skipping...
2017-01-09 17:32:12,437 : Unable to find anatomical image for sub-A00037848_Anonymized_ses-NFB2R. Skipping...
2017-01-09 17:32:12,443 : Unable to find anatomical image for sub-A00043494_Anonymized_ses-CLG2R. Skipping...
2017-01-09 17:32:12,447 : Unable to find anatomical image for sub-A00033962_Anonymized_ses-DS2. Skipping...
2017-01-09 17:32:12,449 : Unable to find anatomical image for sub-A00051455_Anonymized_ses-DS2. Skipping...
2017-01-09 17:32:12,452 : Unable to find anatomical image for sub-A00035840_Anonymized_ses-NFB2R. Skipping...
2017-01-09 17:32:12,457 : Unable to find anatomical image for sub-A00035827_Anonymized_ses-NFB2R. Skipping...
2017-01-09 17:32:12,459 : Unable to find anatomical image for sub-A00039084_Anonymized_ses-DS2. Skipping...
2017-01-09 17:32:12,463 : Unable to find anatomical image for sub-A00059326_Anonymized_ses-CLG2R. Skipping...
2017-01-09 17:32:12,465 : Unable to find anatomical image for sub-A00035827_Anonymized_ses-NFB2R. Skipping...
2017-01-09 17:32:12,470 : Unable to find anatomical image for sub-A00035076_Anonymized_ses-DS2. Skipping...
2017-01-09 17:32:12,471 : Unable to find anatomical image for sub-A00037848_Anonymized_ses-NFB2R. Skipping...
2017-01-09 17:32:12,474 : Unable to find anatomical image for sub-A00039084_Anonymized_ses-DS2. Skipping...
2017-01-09 17:32:12,477 : Unable to find anatomical image for sub-A00037848_Anonymized_ses-NFB2R. Skipping...
2017-01-09 17:32:12,478 : Unable to find anatomical image for sub-A00037511_Anonymized_ses-NFB2R. Skipping...
2017-01-09 17:32:12,483 : Unable to find anatomical image for sub-A00059326_Anonymized_ses-CLG2R. Skipping...
2017-01-09 17:32:12,488 : Unable to find anatomical image for sub-A00039488_Anonymized_ses-NFB2R. Skipping...
2017-01-09 17:32:12,491 : Unable to find anatomical image for sub-A00040798_Anonymized_ses-CLG2R. Skipping...
2017-01-09 17:32:12,492 : Unable to find anatomical image for sub-A00033747_Anonymized_ses-NFB2R. Skipping...
2017-01-09 17:32:12,492 : Unable to find anatomical image for sub-A00051455_Anonymized_ses-DS2. Skipping...
2017-01-09 17:32:12,493 : Unable to find anatomical image for sub-A00037848_Anonymized_ses-NFB2R. Skipping...
2017-01-09 17:32:12,495 : Unable to find anatomical image for sub-A00037866_Anonymized_ses-DS2. Skipping...
2017-01-09 17:32:12,496 : Unable to find anatomical image for sub-A00053203_Anonymized_ses-CLG2R. Skipping...
2017-01-09 17:32:12,497 : Unable to find anatomical image for sub-A00061802_Anonymized_ses-DSA. Skipping...
2017-01-09 17:32:12,501 : Unable to find anatomical image for sub-A00037511_Anonymized_ses-NFB2R. Skipping...
2017-01-09 17:32:12,503 : Unable to find anatomical image for sub-A00043494_Anonymized_ses-CLG2R. Skipping...
2017-01-09 17:32:12,504 : Unable to find anatomical image for sub-A00060675_Anonymized_ses-DS2. Skipping...
2017-01-09 17:32:12,508 : Unable to find anatomical image for sub-A00037457_Anonymized_ses-DS2. Skipping...
2017-01-09 17:32:12,512 : Unable to find anatomical image for sub-A00028185_Anonymized_ses-NFB2R. Skipping...
2017-01-09 17:32:12,515 : Unable to find anatomical image for sub-A00037457_Anonymized_ses-DS2. Skipping...
2017-01-09 17:32:12,516 : Unable to find anatomical image for sub-A00037848_Anonymized_ses-NFB2R. Skipping...
2017-01-09 17:32:12,520 : Unable to find anatomical image for sub-A00033747_Anonymized_ses-NFB2R. Skipping...
2017-01-09 17:32:12,525 : Unable to find anatomical image for sub-A00051603_Anonymized_ses-DS2. Skipping...
2017-01-09 17:32:12,526 : Unable to find anatomical image for sub-A00028352_Anonymized_ses-NFB2R. Skipping...
2017-01-09 17:32:12,528 : Unable to find anatomical image for sub-A00043494_Anonymized_ses-CLG2R. Skipping...
2017-01-09 17:32:12,529 : Unable to find anatomical image for sub-A00037457_Anonymized_ses-DS2. Skipping...
2017-01-09 17:32:12,530 : Unable to find anatomical image for sub-A00040815_Anonymized_ses-CLG2R. Skipping...
2017-01-09 17:32:12,532 : Unable to find anatomical image for sub-A00035072_Anonymized_ses-NFB2R. Skipping...
2017-01-09 17:32:12,532 : Unable to find anatomical image for sub-A00040815_Anonymized_ses-CLG2R. Skipping...
2017-01-09 17:32:12,534 : Unable to find anatomical image for sub-A00039488_Anonymized_ses-NFB2R. Skipping...
2017-01-09 17:32:12,535 : Unable to find anatomical image for sub-A00037511_Anonymized_ses-NFB2R. Skipping...
2017-01-09 17:32:12,536 : Unable to find anatomical image for sub-A00035072_Anonymized_ses-NFB2R. Skipping...
2017-01-09 17:32:12,536 : Unable to find anatomical image for sub-A00035840_Anonymized_ses-NFB2R. Skipping...
2017-01-09 17:32:12,537 : Unable to find anatomical image for sub-A00053203_Anonymized_ses-CLG2R. Skipping...
2017-01-09 17:32:12,540 : Unable to find anatomical image for sub-A00039488_Anonymized_ses-NFB2R. Skipping...
2017-01-09 17:32:12,540 : Unable to find anatomical image for sub-A00028185_Anonymized_ses-NFB2R. Skipping...
2017-01-09 17:32:12,546 : Unable to find anatomical image for sub-A00043494_Anonymized_ses-CLG2R. Skipping...
2017-01-09 17:32:12,547 : Unable to find anatomical image for sub-A00035072_Anonymized_ses-NFB2R. Skipping...
2017-01-09 17:32:12,548 : Unable to find anatomical image for sub-A00028352_Anonymized_ses-NFB2R. Skipping...
2017-01-09 17:32:12,549 : Unable to find anatomical image for sub-A00064597_Anonymized_ses-DSA. Skipping...
2017-01-09 17:32:12,549 : Unable to find anatomical image for sub-A00035827_Anonymized_ses-NFB2R. Skipping...
2017-01-09 17:32:12,550 : Unable to find anatomical image for sub-A00053203_Anonymized_ses-CLG2R. Skipping...
2017-01-09 17:32:12,551 : Unable to find anatomical image for sub-A00051455_Anonymized_ses-DS2. Skipping...
2017-01-09 17:32:12,552 : Unable to find anatomical image for sub-A00040815_Anonymized_ses-CLG2R. Skipping...
2017-01-09 17:32:12,567 : Unable to find anatomical image for sub-A00065992_Anonymized_ses-DSA. Skipping...
2017-01-09 17:32:12,567 : Unable to find anatomical image for sub-A00035840_Anonymized_ses-NFB2R. Skipping...
2017-01-09 17:32:12,569 : Unable to find anatomical image for sub-A00051455_Anonymized_ses-DS2. Skipping...
2017-01-09 17:32:12,570 : Unable to find anatomical image for sub-A00040798_Anonymized_ses-CLG2R. Skipping...
2017-01-09 17:32:12,575 : Unable to find anatomical image for sub-A00051455_Anonymized_ses-DS2. Skipping...
2017-01-09 17:32:12,576 : Unable to find anatomical image for sub-A00035827_Anonymized_ses-NFB2R. Skipping...
2017-01-09 17:32:12,578 : Unable to find anatomical image for sub-A00040815_Anonymized_ses-CLG2R. Skipping...
2017-01-09 17:32:12,580 : Unable to find anatomical image for sub-A00035072_Anonymized_ses-NFB2R. Skipping...
2017-01-09 17:32:12,581 : Unable to find anatomical image for sub-A00051603_Anonymized_ses-DS2. Skipping...
2017-01-09 17:32:12,582 : Unable to find anatomical image for sub-A00035840_Anonymized_ses-NFB2R. Skipping...
2017-01-09 17:32:12,587 : Unable to find anatomical image for sub-A00060265_Anonymized_ses-CLG2. Skipping...
2017-01-09 17:32:12,591 : Unable to find anatomical image for sub-A00040798_Anonymized_ses-CLG2R. Skipping...
2017-01-09 17:32:12,593 : Unable to find anatomical image for sub-A00028185_Anonymized_ses-NFB2R. Skipping...
2017-01-09 17:32:12,593 : Unable to find anatomical image for sub-A00035827_Anonymized_ses-NFB2R. Skipping...
2017-01-09 17:32:12,598 : Unable to find anatomical image for sub-A00028352_Anonymized_ses-NFB2R. Skipping...
2017-01-09 17:32:12,599 : Unable to find anatomical image for sub-A00040798_Anonymized_ses-CLG2R. Skipping...
2017-01-09 17:32:12,600 : Unable to find anatomical image for sub-A00055921_Anonymized_ses-CLG2. Skipping...
2017-01-09 17:32:12,601 : Unable to find anatomical image for sub-A00035072_Anonymized_ses-NFB2R. Skipping...
2017-01-09 17:32:12,606 : Unable to find anatomical image for sub-A00039084_Anonymized_ses-DS2. Skipping...
2017-01-09 17:32:12,607 : Unable to find anatomical image for sub-A00035072_Anonymized_ses-NFB2R. Skipping...
2017-01-09 17:32:12,612 : Unable to find anatomical image for sub-A00033747_Anonymized_ses-NFB2R. Skipping...
2017-01-09 17:32:12,616 : Unable to find anatomical image for sub-A00059326_Anonymized_ses-CLG2R. Skipping...
2017-01-09 17:32:12,620 : Unable to find anatomical image for sub-A00059326_Anonymized_ses-CLG2R. Skipping...
2017-01-09 17:32:12,622 : Unable to find anatomical image for sub-A00040798_Anonymized_ses-CLG2R. Skipping...
2017-01-09 17:32:12,628 : Unable to find anatomical image for sub-A00043494_Anonymized_ses-CLG2R. Skipping...
2017-01-09 17:32:12,630 : Unable to find anatomical image for sub-A00051455_Anonymized_ses-DS2. Skipping...
2017-01-09 17:32:12,632 : Unable to find anatomical image for sub-A00050677_Anonymized_ses-DS2. Skipping...
2017-01-09 17:32:12,637 : Unable to find anatomical image for sub-A00053203_Anonymized_ses-CLG2R. Skipping...
2017-01-09 17:32:12,638 : Unable to find anatomical image for sub-A00059326_Anonymized_ses-CLG2R. Skipping...
2017-01-09 17:32:12,640 : Unable to find anatomical image for sub-A00037866_Anonymized_ses-DS2. Skipping...
2017-01-09 17:32:12,641 : Unable to find anatomical image for sub-A00028352_Anonymized_ses-NFB2R. Skipping...
2017-01-09 17:32:12,642 : Unable to find anatomical image for sub-A00037866_Anonymized_ses-DS2. Skipping...
2017-01-09 17:32:12,644 : Unable to find anatomical image for sub-A00039084_Anonymized_ses-DS2. Skipping...
2017-01-09 17:32:12,645 : Unable to find anatomical image for sub-A00037457_Anonymized_ses-DS2. Skipping...
2017-01-09 17:32:12,647 : Unable to find anatomical image for sub-A00037375_Anonymized_ses-DS2. Skipping...
2017-01-09 17:32:12,650 : Unable to find anatomical image for sub-A00040798_Anonymized_ses-CLG2R. Skipping...
2017-01-09 17:32:12,652 : Unable to find anatomical image for sub-A00062798_Anonymized_ses-DSA. Skipping...
2017-01-09 17:32:12,653 : Unable to find anatomical image for sub-A00043494_Anonymized_ses-CLG2R. Skipping...
2017-01-09 17:32:12,655 : Unable to find anatomical image for sub-A00037511_Anonymized_ses-NFB2R. Skipping...
2017-01-09 17:32:12,657 : Unable to find anatomical image for sub-A00052182_Anonymized_ses-CLG2. Skipping...
2017-01-09 17:32:12,661 : Unable to find anatomical image for sub-A00051603_Anonymized_ses-DS2. Skipping...
2017-01-09 17:32:12,665 : Unable to find anatomical image for sub-A00035840_Anonymized_ses-NFB2R. Skipping...
2017-01-09 17:32:12,666 : Unable to find anatomical image for sub-A00037457_Anonymized_ses-DS2. Skipping...
2017-01-09 17:32:12,668 : Unable to find anatomical image for sub-A00039084_Anonymized_ses-DS2. Skipping...
2017-01-09 17:32:12,674 : Unable to find anatomical image for sub-A00039488_Anonymized_ses-NFB2R. Skipping...
2017-01-09 17:32:12,682 : Unable to find anatomical image for sub-A00040815_Anonymized_ses-CLG2R. Skipping...
2017-01-09 17:32:12,683 : Unable to find anatomical image for sub-A00039488_Anonymized_ses-NFB2R. Skipping...
2017-01-09 17:32:12,685 : Unable to find anatomical image for sub-A00037511_Anonymized_ses-NFB2R. Skipping...
2017-01-09 17:32:12,687 : Unable to find anatomical image for sub-A00041049_Anonymized_ses-DS2. Skipping...
2017-01-09 17:32:12,691 : Unable to find anatomical image for sub-A00028352_Anonymized_ses-NFB2R. Skipping...
2017-01-09 17:32:12,691 : Unable to find anatomical image for sub-A00041049_Anonymized_ses-DS2. Skipping...
2017-01-09 17:32:12,692 : Unable to find anatomical image for sub-A00051603_Anonymized_ses-DS2. Skipping...
2017-01-09 17:32:12,692 : Unable to find anatomical image for sub-A00039084_Anonymized_ses-DS2. Skipping...
2017-01-09 17:32:12,693 : Unable to find anatomical image for sub-A00053203_Anonymized_ses-CLG2R. Skipping...
2017-01-09 17:32:12,694 : Unable to find anatomical image for sub-A00035827_Anonymized_ses-NFB2R. Skipping...
2017-01-09 17:32:12,697 : Unable to find anatomical image for sub-A00033747_Anonymized_ses-NFB2R. Skipping...
2017-01-09 17:32:12,699 : Unable to find anatomical image for sub-A00028185_Anonymized_ses-NFB2R. Skipping...
2017-01-09 17:32:12,701 : Unable to find anatomical image for sub-A00040815_Anonymized_ses-CLG2R. Skipping...
2017-01-09 17:32:12,703 : Unable to find anatomical image for sub-A00033747_Anonymized_ses-NFB2R. Skipping...
2017-01-09 17:32:12,706 : Unable to find anatomical image for sub-A00035840_Anonymized_ses-NFB2R. Skipping...
2017-01-09 17:32:12,708 : Unable to find anatomical image for sub-A00028185_Anonymized_ses-NFB2R. Skipping...
2017-01-09 17:32:12,708 : Unable to find anatomical image for sub-A00039488_Anonymized_ses-NFB2R. Skipping...
2017-01-09 17:32:12,710 : Unable to find anatomical image for sub-A00028185_Anonymized_ses-NFB2R. Skipping...
2017-01-09 17:32:12,712 : Unable to find anatomical image for sub-A00037457_Anonymized_ses-DS2. Skipping...
2017-01-09 17:32:12,713 : Unable to find anatomical image for sub-A00037511_Anonymized_ses-NFB2R. Skipping...
2017-01-09 17:32:12,714 : Unable to find anatomical image for sub-A00037848_Anonymized_ses-NFB2R. Skipping...
2017-01-09 17:32:12,715 : Unable to find anatomical image for sub-A00051603_Anonymized_ses-DS2. Skipping...
